<?xml version="1.0" encoding="UTF-8"?>
<!-- Generated by org.testng.reporters.JUnitXMLReporter -->
<testsuite ignored="0" hostname="DESKTOP-E8HNQKP" failures="1" tests="7" name="Test" time="44.926" errors="0" timestamp="2022-10-09T21:47:07 IST">
  <testcase classname="com.saucedemo.TestClass.TC03_VerifyBagProductFunctionality" name="checkvalidation" time="0.198"/>
  <testcase classname="com.saucedemo.TestClass.TC02_VerifyLogoutFunctionality" name="Logoutfunctionality" time="0.014"/>
  <testcase classname="com.saucedemo.TestClass.TC02_VerifyLogoutFunctionality" name="logOutTest" time="0.011"/>
  <testcase classname="com.saucedemo.TestClass.TC01_VerifyLoginFunctionality" name="loginTest" time="0.005">
    <failure type="java.lang.AssertionError" message="The following asserts failed:
	expected [Swag Labs] but found [ Labs]">
      <![CDATA[java.lang.AssertionError: The following asserts failed:
expected [Swag Labs] but found [ Labs]
at com.saucedemo.TestClass.TC01_VerifyLoginFunctionality.loginTest(TC01_VerifyLoginFunctionality.java:56)
at java.base/java.util.ArrayList.forEach(ArrayList.java:1511)
... Removed 29 stack frames]]>
    </failure>
  </testcase> <!-- loginTest -->
  <testcase classname="com.saucedemo.TestClass.TC01_VerifyLoginFunctionality" name="loginfunctionality" time="0.051"/>
  <testcase classname="com.saucedemo.TestClass.TCO5_Verifyfilterapply" name="VerifyapplyFilter" time="0.68"/>
  <testcase classname="com.saucedemo.TestClass.TC04_VerifyAllProductsFunctionality" name="verifyallproducts" time="1.28"/>
</testsuite> <!-- Test -->
