<?xml version="1.0" encoding="UTF-8"?>
<testng-results ignored="0" total="7" passed="6" failed="1" skipped="0">
  <reporter-output>
  </reporter-output>
  <suite started-at="2022-10-09T21:46:22 IST" name="Suite" finished-at="2022-10-09T21:47:07 IST" duration-ms="44926">
    <groups>
    </groups>
    <test started-at="2022-10-09T21:46:22 IST" name="Test" finished-at="2022-10-09T21:47:07 IST" duration-ms="44926">
      <class name="com.saucedemo.TestClass.TC03_VerifyBagProductFunctionality">
        <test-method is-config="true" signature="setup(java.lang.String)[pri:0, instance:com.saucedemo.TestClass.TC03_VerifyBagProductFunctionality@6e0f5f7f]" started-at="2022-10-09T21:46:22 IST" name="setup" finished-at="2022-10-09T21:46:29 IST" duration-ms="7024" status="PASS">
          <params>
            <param index="0">
              <value>
                <![CDATA[chrome]]>
              </value>
            </param>
          </params>
          <reporter-output>
          </reporter-output>
        </test-method> <!-- setup -->
        <test-method signature="checkvalidation()[pri:0, instance:com.saucedemo.TestClass.TC03_VerifyBagProductFunctionality@6e0f5f7f]" started-at="2022-10-09T21:46:29 IST" name="checkvalidation" finished-at="2022-10-09T21:46:29 IST" duration-ms="198" status="PASS">
          <reporter-output>
          </reporter-output>
        </test-method> <!-- checkvalidation -->
        <test-method is-config="true" signature="Teardown()[pri:0, instance:com.saucedemo.TestClass.TC03_VerifyBagProductFunctionality@6e0f5f7f]" started-at="2022-10-09T21:46:29 IST" name="Teardown" finished-at="2022-10-09T21:46:29 IST" duration-ms="1" status="PASS">
          <reporter-output>
          </reporter-output>
        </test-method> <!-- Teardown -->
      </class> <!-- com.saucedemo.TestClass.TC03_VerifyBagProductFunctionality -->
      <class name="com.saucedemo.TestClass.TC01_VerifyLoginFunctionality">
        <test-method is-config="true" signature="setup(java.lang.String)[pri:0, instance:com.saucedemo.TestClass.TC01_VerifyLoginFunctionality@5d534f5d]" started-at="2022-10-09T21:46:40 IST" name="setup" finished-at="2022-10-09T21:46:45 IST" duration-ms="5733" status="PASS">
          <params>
            <param index="0">
              <value>
                <![CDATA[chrome]]>
              </value>
            </param>
          </params>
          <reporter-output>
          </reporter-output>
        </test-method> <!-- setup -->
        <test-method signature="loginTest()[pri:0, instance:com.saucedemo.TestClass.TC01_VerifyLoginFunctionality@5d534f5d]" started-at="2022-10-09T21:46:45 IST" name="loginTest" finished-at="2022-10-09T21:46:45 IST" duration-ms="5" status="FAIL">
          <exception class="java.lang.AssertionError">
            <message>
              <![CDATA[The following asserts failed:
expected [Swag Labs] but found [ Labs]]]>
            </message>
            <full-stacktrace>
              <![CDATA[java.lang.AssertionError: The following asserts failed:
expected [Swag Labs] but found [ Labs]
at org.testng.asserts.SoftAssert.assertAll(SoftAssert.java:47)
at org.testng.asserts.SoftAssert.assertAll(SoftAssert.java:31)
at com.saucedemo.TestClass.TC01_VerifyLoginFunctionality.loginTest(TC01_VerifyLoginFunctionality.java:56)
at java.base/jdk.internal.reflect.NativeMethodAccessorImpl.invoke0(Native Method)
at java.base/jdk.internal.reflect.NativeMethodAccessorImpl.invoke(NativeMethodAccessorImpl.java:77)
at java.base/jdk.internal.reflect.DelegatingMethodAccessorImpl.invoke(DelegatingMethodAccessorImpl.java:43)
at java.base/java.lang.reflect.Method.invoke(Method.java:568)
at org.testng.internal.MethodInvocationHelper.invokeMethod(MethodInvocationHelper.java:133)
at org.testng.internal.TestInvoker.invokeMethod(TestInvoker.java:598)
at org.testng.internal.TestInvoker.invokeTestMethod(TestInvoker.java:173)
at org.testng.internal.MethodRunner.runInSequence(MethodRunner.java:46)
at org.testng.internal.TestInvoker$MethodInvocationAgent.invoke(TestInvoker.java:824)
at org.testng.internal.TestInvoker.invokeTestMethods(TestInvoker.java:146)
at org.testng.internal.TestMethodWorker.invokeTestMethods(TestMethodWorker.java:146)
at org.testng.internal.TestMethodWorker.run(TestMethodWorker.java:128)
at java.base/java.util.ArrayList.forEach(ArrayList.java:1511)
at org.testng.TestRunner.privateRun(TestRunner.java:794)
at org.testng.TestRunner.run(TestRunner.java:596)
at org.testng.SuiteRunner.runTest(SuiteRunner.java:377)
at org.testng.SuiteRunner.runSequentially(SuiteRunner.java:371)
at org.testng.SuiteRunner.privateRun(SuiteRunner.java:332)
at org.testng.SuiteRunner.run(SuiteRunner.java:276)
at org.testng.SuiteRunnerWorker.runSuite(SuiteRunnerWorker.java:53)
at org.testng.SuiteRunnerWorker.run(SuiteRunnerWorker.java:96)
at org.testng.TestNG.runSuitesSequentially(TestNG.java:1212)
at org.testng.TestNG.runSuitesLocally(TestNG.java:1134)
at org.testng.TestNG.runSuites(TestNG.java:1063)
at org.testng.TestNG.run(TestNG.java:1031)
at org.testng.remote.AbstractRemoteTestNG.run(AbstractRemoteTestNG.java:115)
at org.testng.remote.RemoteTestNG.initAndRun(RemoteTestNG.java:251)
at org.testng.remote.RemoteTestNG.main(RemoteTestNG.java:77)
]]>
            </full-stacktrace>
          </exception> <!-- java.lang.AssertionError -->
          <reporter-output>
          </reporter-output>
        </test-method> <!-- loginTest -->
        <test-method is-config="true" signature="Teardown()[pri:0, instance:com.saucedemo.TestClass.TC01_VerifyLoginFunctionality@5d534f5d]" started-at="2022-10-09T21:46:45 IST" name="Teardown" finished-at="2022-10-09T21:46:45 IST" duration-ms="2" status="PASS">
          <reporter-output>
          </reporter-output>
        </test-method> <!-- Teardown -->
        <test-method is-config="true" signature="setup(java.lang.String)[pri:0, instance:com.saucedemo.TestClass.TC01_VerifyLoginFunctionality@5d534f5d]" started-at="2022-10-09T21:46:45 IST" name="setup" finished-at="2022-10-09T21:46:53 IST" duration-ms="7618" status="PASS">
          <params>
            <param index="0">
              <value>
                <![CDATA[chrome]]>
              </value>
            </param>
          </params>
          <reporter-output>
          </reporter-output>
        </test-method> <!-- setup -->
        <test-method signature="loginfunctionality()[pri:0, instance:com.saucedemo.TestClass.TC01_VerifyLoginFunctionality@5d534f5d]" started-at="2022-10-09T21:46:53 IST" name="loginfunctionality" finished-at="2022-10-09T21:46:53 IST" duration-ms="51" status="PASS">
          <reporter-output>
          </reporter-output>
        </test-method> <!-- loginfunctionality -->
        <test-method is-config="true" signature="Teardown()[pri:0, instance:com.saucedemo.TestClass.TC01_VerifyLoginFunctionality@5d534f5d]" started-at="2022-10-09T21:46:53 IST" name="Teardown" finished-at="2022-10-09T21:46:53 IST" duration-ms="0" status="PASS">
          <reporter-output>
          </reporter-output>
        </test-method> <!-- Teardown -->
      </class> <!-- com.saucedemo.TestClass.TC01_VerifyLoginFunctionality -->
      <class name="com.saucedemo.TestClass.TC02_VerifyLogoutFunctionality">
        <test-method is-config="true" signature="setup(java.lang.String)[pri:0, instance:com.saucedemo.TestClass.TC02_VerifyLogoutFunctionality@576d5deb]" started-at="2022-10-09T21:46:29 IST" name="setup" finished-at="2022-10-09T21:46:34 IST" duration-ms="4894" status="PASS">
          <params>
            <param index="0">
              <value>
                <![CDATA[chrome]]>
              </value>
            </param>
          </params>
          <reporter-output>
          </reporter-output>
        </test-method> <!-- setup -->
        <test-method signature="Logoutfunctionality()[pri:0, instance:com.saucedemo.TestClass.TC02_VerifyLogoutFunctionality@576d5deb]" started-at="2022-10-09T21:46:34 IST" name="Logoutfunctionality" finished-at="2022-10-09T21:46:34 IST" duration-ms="14" status="PASS">
          <reporter-output>
          </reporter-output>
        </test-method> <!-- Logoutfunctionality -->
        <test-method is-config="true" signature="Teardown()[pri:0, instance:com.saucedemo.TestClass.TC02_VerifyLogoutFunctionality@576d5deb]" started-at="2022-10-09T21:46:34 IST" name="Teardown" finished-at="2022-10-09T21:46:34 IST" duration-ms="0" status="PASS">
          <reporter-output>
          </reporter-output>
        </test-method> <!-- Teardown -->
        <test-method is-config="true" signature="setup(java.lang.String)[pri:0, instance:com.saucedemo.TestClass.TC02_VerifyLogoutFunctionality@576d5deb]" started-at="2022-10-09T21:46:34 IST" name="setup" finished-at="2022-10-09T21:46:40 IST" duration-ms="5325" status="PASS">
          <params>
            <param index="0">
              <value>
                <![CDATA[chrome]]>
              </value>
            </param>
          </params>
          <reporter-output>
          </reporter-output>
        </test-method> <!-- setup -->
        <test-method signature="logOutTest()[pri:0, instance:com.saucedemo.TestClass.TC02_VerifyLogoutFunctionality@576d5deb]" started-at="2022-10-09T21:46:40 IST" name="logOutTest" finished-at="2022-10-09T21:46:40 IST" duration-ms="11" status="PASS">
          <reporter-output>
          </reporter-output>
        </test-method> <!-- logOutTest -->
        <test-method is-config="true" signature="Teardown()[pri:0, instance:com.saucedemo.TestClass.TC02_VerifyLogoutFunctionality@576d5deb]" started-at="2022-10-09T21:46:40 IST" name="Teardown" finished-at="2022-10-09T21:46:40 IST" duration-ms="0" status="PASS">
          <reporter-output>
          </reporter-output>
        </test-method> <!-- Teardown -->
      </class> <!-- com.saucedemo.TestClass.TC02_VerifyLogoutFunctionality -->
      <class name="com.saucedemo.TestClass.TC04_VerifyAllProductsFunctionality">
        <test-method is-config="true" signature="setup(java.lang.String)[pri:0, instance:com.saucedemo.TestClass.TC04_VerifyAllProductsFunctionality@70e9c95d]" started-at="2022-10-09T21:47:00 IST" name="setup" finished-at="2022-10-09T21:47:06 IST" duration-ms="5830" status="PASS">
          <params>
            <param index="0">
              <value>
                <![CDATA[chrome]]>
              </value>
            </param>
          </params>
          <reporter-output>
          </reporter-output>
        </test-method> <!-- setup -->
        <test-method signature="verifyallproducts()[pri:0, instance:com.saucedemo.TestClass.TC04_VerifyAllProductsFunctionality@70e9c95d]" started-at="2022-10-09T21:47:06 IST" name="verifyallproducts" finished-at="2022-10-09T21:47:07 IST" duration-ms="1280" status="PASS">
          <reporter-output>
          </reporter-output>
        </test-method> <!-- verifyallproducts -->
        <test-method is-config="true" signature="Teardown()[pri:0, instance:com.saucedemo.TestClass.TC04_VerifyAllProductsFunctionality@70e9c95d]" started-at="2022-10-09T21:47:07 IST" name="Teardown" finished-at="2022-10-09T21:47:07 IST" duration-ms="2" status="PASS">
          <reporter-output>
          </reporter-output>
        </test-method> <!-- Teardown -->
      </class> <!-- com.saucedemo.TestClass.TC04_VerifyAllProductsFunctionality -->
      <class name="com.saucedemo.TestClass.TCO5_Verifyfilterapply">
        <test-method is-config="true" signature="setup(java.lang.String)[pri:0, instance:com.saucedemo.TestClass.TCO5_Verifyfilterapply@2e3967ea]" started-at="2022-10-09T21:46:53 IST" name="setup" finished-at="2022-10-09T21:46:59 IST" duration-ms="6136" status="PASS">
          <params>
            <param index="0">
              <value>
                <![CDATA[chrome]]>
              </value>
            </param>
          </params>
          <reporter-output>
          </reporter-output>
        </test-method> <!-- setup -->
        <test-method signature="VerifyapplyFilter()[pri:0, instance:com.saucedemo.TestClass.TCO5_Verifyfilterapply@2e3967ea]" started-at="2022-10-09T21:46:59 IST" name="VerifyapplyFilter" finished-at="2022-10-09T21:47:00 IST" duration-ms="680" status="PASS">
          <reporter-output>
          </reporter-output>
        </test-method> <!-- VerifyapplyFilter -->
        <test-method is-config="true" signature="Teardown()[pri:0, instance:com.saucedemo.TestClass.TCO5_Verifyfilterapply@2e3967ea]" started-at="2022-10-09T21:47:00 IST" name="Teardown" finished-at="2022-10-09T21:47:00 IST" duration-ms="1" status="PASS">
          <reporter-output>
          </reporter-output>
        </test-method> <!-- Teardown -->
      </class> <!-- com.saucedemo.TestClass.TCO5_Verifyfilterapply -->
    </test> <!-- Test -->
  </suite> <!-- Suite -->
</testng-results>
